{
  "RSpec": {
    "coverage": {
      "/Users/amantank/Desktop/ruby projects/Course/Tech tests/gilded_rose_test/spec/gilded_rose_spec.rb": {
        "lines": [
          null,
          null,
          1,
          null,
          1,
          1,
          1,
          1,
          1,
          1,
          1,
          null,
          null,
          1,
          1,
          1,
          1,
          1,
          null,
          null,
          1,
          1,
          1,
          1,
          1,
          null,
          null,
          1,
          1,
          1,
          1,
          1,
          null,
          null,
          1,
          1,
          1,
          1,
          1,
          null,
          null,
          1,
          1,
          1,
          1,
          1,
          null,
          null,
          1,
          1,
          1,
          1,
          1,
          null,
          null,
          1,
          1,
          1,
          1,
          1,
          1,
          1,
          null,
          null,
          1,
          1,
          1,
          1,
          1,
          null,
          null,
          1,
          1,
          1,
          1,
          1,
          1,
          1,
          null,
          null,
          1,
          1,
          1,
          1,
          1,
          null,
          null,
          1,
          1,
          1,
          1,
          1,
          null,
          null,
          1,
          1,
          1,
          1,
          1,
          null,
          null,
          1,
          1,
          1,
          1,
          1,
          null,
          null,
          1,
          1,
          1,
          1,
          1,
          null,
          null,
          1,
          1,
          1,
          1,
          1,
          null,
          null,
          1,
          1,
          1,
          1,
          1,
          null,
          null,
          1,
          1,
          null,
          1,
          1,
          1,
          1,
          1,
          1,
          1,
          null,
          null,
          1,
          1,
          1,
          1,
          1,
          1,
          1,
          null,
          null,
          null
        ]
      },
      "/Users/amantank/Desktop/ruby projects/Course/Tech tests/gilded_rose_test/lib/gilded_rose.rb": {
        "lines": [
          null,
          null,
          1,
          null,
          1,
          null,
          1,
          1,
          1,
          1,
          null,
          1,
          19,
          null,
          null,
          1,
          19,
          24,
          null,
          3,
          null,
          9,
          null,
          2,
          2,
          null,
          4,
          null,
          6,
          null,
          null,
          null,
          null,
          1,
          null,
          1,
          6,
          6,
          6,
          null,
          null,
          1,
          4,
          4,
          4,
          null,
          null,
          1,
          3,
          3,
          3,
          null,
          null,
          1,
          9,
          6,
          3,
          3,
          null,
          0,
          null,
          9,
          9,
          9,
          null,
          null,
          null,
          null,
          null
        ]
      },
      "/Users/amantank/Desktop/ruby projects/Course/Tech tests/gilded_rose_test/lib/item.rb": {
        "lines": [
          1,
          1,
          null,
          1,
          25,
          25,
          25,
          null,
          null,
          1,
          1,
          null,
          null
        ]
      },
      "/Users/amantank/Desktop/ruby projects/Course/Tech tests/gilded_rose_test/spec/item_spec.rb": {
        "lines": [
          1,
          null,
          1,
          1,
          1,
          1,
          1,
          null,
          null,
          null
        ]
      }
    },
    "timestamp": 1613319819
  }
}
