{
  "RSpec": {
    "coverage": {
      "/Users/amantank/Desktop/ruby projects/Course/Tech tests/gilded_rose_test/spec/gilded_rose_spec.rb": {
        "lines": [
          null,
          null,
          1,
          null,
          1,
          1,
          1,
          1,
          1,
          1,
          1,
          null,
          null,
          1,
          1,
          1,
          1,
          1,
          null,
          null,
          1,
          1,
          1,
          1,
          1,
          null,
          null,
          1,
          1,
          1,
          1,
          1,
          null,
          null,
          1,
          1,
          1,
          1,
          1,
          null,
          null,
          1,
          1,
          1,
          1,
          1,
          null,
          null,
          1,
          1,
          1,
          1,
          1,
          null,
          null,
          1,
          1,
          1,
          1,
          1,
          null,
          null,
          1,
          1,
          1,
          1,
          1,
          null,
          null,
          1,
          1,
          1,
          1,
          1,
          null,
          null,
          1,
          1,
          1,
          1,
          1,
          null,
          null,
          1,
          1,
          1,
          1,
          1,
          null,
          null,
          1,
          1,
          1,
          1,
          1,
          null,
          null,
          1,
          1,
          1,
          1,
          1,
          null,
          null,
          1,
          1,
          1,
          1,
          1,
          null,
          null,
          null
        ]
      },
      "/Users/amantank/Desktop/ruby projects/Course/Tech tests/gilded_rose_test/lib/gilded_rose.rb": {
        "lines": [
          null,
          null,
          1,
          null,
          1,
          null,
          1,
          1,
          null,
          1,
          15,
          null,
          null,
          1,
          15,
          15,
          null,
          2,
          null,
          4,
          null,
          1,
          1,
          null,
          3,
          null,
          5,
          null,
          null,
          null,
          null,
          1,
          null,
          1,
          5,
          5,
          5,
          null,
          null,
          1,
          3,
          3,
          3,
          null,
          null,
          1,
          2,
          2,
          2,
          null,
          null,
          1,
          4,
          4,
          3,
          1,
          1,
          null,
          0,
          null,
          null,
          4,
          4,
          null,
          null,
          1,
          14,
          4,
          10,
          2,
          null,
          null,
          null,
          null,
          null
        ]
      },
      "/Users/amantank/Desktop/ruby projects/Course/Tech tests/gilded_rose_test/lib/item.rb": {
        "lines": [
          1,
          1,
          null,
          1,
          16,
          16,
          16,
          null,
          null,
          1,
          1,
          null,
          null
        ]
      },
      "/Users/amantank/Desktop/ruby projects/Course/Tech tests/gilded_rose_test/spec/item_spec.rb": {
        "lines": [
          1,
          null,
          1,
          1,
          1,
          1,
          1,
          null,
          null,
          null
        ]
      }
    },
    "timestamp": 1613055136
  }
}
